0 info it worked if it ends with ok
1 verbose cli [ '/usr/local/bin/node', '/usr/local/bin/npm', 'link' ]
2 info using npm@2.5.1
3 info using node@v0.12.1
4 verbose config Skipping project config: /Users/dsds/.npmrc. (matches userconfig)
5 verbose linkPkg /Users/dsds
6 verbose stack Error: ENOENT, open '/Users/dsds/package.json'
6 verbose stack     at Error (native)
7 verbose cwd /Users/dsds/Documents/git/ABS
8 error Darwin 14.3.0
9 error argv "/usr/local/bin/node" "/usr/local/bin/npm" "link"
10 error node v0.12.1
11 error npm  v2.5.1
12 error path /Users/dsds/package.json
13 error code ENOENT
14 error errno -2
15 error enoent ENOENT, open '/Users/dsds/package.json'
15 error enoent This is most likely not a problem with npm itself
15 error enoent and is related to npm not being able to find a file.
16 verbose exit [ -2, true ]
